# JRE version: Java(TM) SE Runtime Environment (8.0_101-b13) (build 1.8.0_101-b13)
# Java VM: Java HotSpot(TM) 64-Bit Server VM (25.101-b13 mixed mode windows-amd64 compressed oops)
Heap:
 PSYoungGen      total 71680K, used 26375K [0x00000000d5b80000, 0x00000000da680000, 0x0000000100000000)
  eden space 66560K, 31% used [0x00000000d5b80000,0x00000000d7043350,0x00000000d9c80000)
  from space 5120K, 99% used [0x00000000d9c80000,0x00000000da17ea18,0x00000000da180000)
  to   space 5120K, 0% used [0x00000000da180000,0x00000000da180000,0x00000000da680000)
 ParOldGen       total 54272K, used 8586K [0x0000000081200000, 0x0000000084700000, 0x00000000d5b80000)
  object space 54272K, 15% used [0x0000000081200000,0x0000000081a628c0,0x0000000084700000)
 Metaspace       used 26173K, capacity 27098K, committed 27264K, reserved 1073152K
  class space    used 3448K, capacity 3648K, committed 3712K, reserved 1048576K
GC Heap History (10 events):
Event: 1.239 GC heap before
{Heap before GC invocations=2 (full 0):
 PSYoungGen      total 38400K, used 38377K [0x00000000d5b80000, 0x00000000d8600000, 0x0000000100000000)
  eden space 33280K, 100% used [0x00000000d5b80000,0x00000000d7c00000,0x00000000d7c00000)
  from space 5120K, 99% used [0x00000000d7c00000,0x00000000d80fa7c8,0x00000000d8100000)
  to   space 5120K, 0% used [0x00000000d8100000,0x00000000d8100000,0x00000000d8600000)
 ParOldGen       total 87552K, used 240K [0x0000000081200000, 0x0000000086780000, 0x00000000d5b80000)
  object space 87552K, 0% used [0x0000000081200000,0x000000008123c2d0,0x0000000086780000)
 Metaspace       used 14006K, capacity 14414K, committed 14592K, reserved 1062912K
  class space    used 1866K, capacity 1986K, committed 2048K, reserved 1048576K
Event: 1.254 GC heap after
Heap after GC invocations=2 (full 0):
 PSYoungGen      total 38400K, used 5104K [0x00000000d5b80000, 0x00000000da680000, 0x0000000100000000)
  eden space 33280K, 0% used [0x00000000d5b80000,0x00000000d5b80000,0x00000000d7c00000)
  from space 5120K, 99% used [0x00000000d8100000,0x00000000d85fc180,0x00000000d8600000)
  to   space 5120K, 0% used [0x00000000d7c00000,0x00000000d7c00000,0x00000000d8100000)
 ParOldGen       total 87552K, used 1374K [0x0000000081200000, 0x0000000086780000, 0x00000000d5b80000)
  object space 87552K, 1% used [0x0000000081200000,0x0000000081357b98,0x0000000086780000)
 Metaspace       used 14006K, capacity 14414K, committed 14592K, reserved 1062912K
  class space    used 1866K, capacity 1986K, committed 2048K, reserved 1048576K
}
Event: 1.706 GC heap before
{Heap before GC invocations=3 (full 0):
 PSYoungGen      total 38400K, used 38384K [0x00000000d5b80000, 0x00000000da680000, 0x0000000100000000)
  eden space 33280K, 100% used [0x00000000d5b80000,0x00000000d7c00000,0x00000000d7c00000)
  from space 5120K, 99% used [0x00000000d8100000,0x00000000d85fc180,0x00000000d8600000)
  to   space 5120K, 0% used [0x00000000d7c00000,0x00000000d7c00000,0x00000000d8100000)
 ParOldGen       total 87552K, used 1375K [0x0000000081200000, 0x0000000086780000, 0x00000000d5b80000)
  object space 87552K, 1% used [0x0000000081200000,0x0000000081357c80,0x0000000086780000)
 Metaspace       used 19562K, capacity 20146K, committed 20480K, reserved 1067008K
  class space    used 2538K, capacity 2702K, committed 2816K, reserved 1048576K
Event: 1.719 GC heap after
Heap after GC invocations=3 (full 0):
 PSYoungGen      total 38400K, used 5112K [0x00000000d5b80000, 0x00000000da680000, 0x0000000100000000)
  eden space 33280K, 0% used [0x00000000d5b80000,0x00000000d5b80000,0x00000000d7c00000)
  from space 5120K, 99% used [0x00000000d7c00000,0x00000000d80fe1c8,0x00000000d8100000)
  to   space 5120K, 0% used [0x00000000da180000,0x00000000da180000,0x00000000da680000)
 ParOldGen       total 87552K, used 5264K [0x0000000081200000, 0x0000000086780000, 0x00000000d5b80000)
  object space 87552K, 6% used [0x0000000081200000,0x0000000081724258,0x0000000086780000)
 Metaspace       used 19562K, capacity 20146K, committed 20480K, reserved 1067008K
  class space    used 2538K, capacity 2702K, committed 2816K, reserved 1048576K
}
Event: 1.802 GC heap before
{Heap before GC invocations=4 (full 0):
 PSYoungGen      total 38400K, used 16202K [0x00000000d5b80000, 0x00000000da680000, 0x0000000100000000)
  eden space 33280K, 33% used [0x00000000d5b80000,0x00000000d6654750,0x00000000d7c00000)
  from space 5120K, 99% used [0x00000000d7c00000,0x00000000d80fe1c8,0x00000000d8100000)
  to   space 5120K, 0% used [0x00000000da180000,0x00000000da180000,0x00000000da680000)
 ParOldGen       total 87552K, used 5264K [0x0000000081200000, 0x0000000086780000, 0x00000000d5b80000)
  object space 87552K, 6% used [0x0000000081200000,0x0000000081724258,0x0000000086780000)
 Metaspace       used 20505K, capacity 21100K, committed 21296K, reserved 1067008K
  class space    used 2667K, capacity 2831K, committed 2944K, reserved 1048576K
Event: 1.810 GC heap after
Heap after GC invocations=4 (full 0):
 PSYoungGen      total 71680K, used 5111K [0x00000000d5b80000, 0x00000000da680000, 0x0000000100000000)
  eden space 66560K, 0% used [0x00000000d5b80000,0x00000000d5b80000,0x00000000d9c80000)
  from space 5120K, 99% used [0x00000000da180000,0x00000000da67de40,0x00000000da680000)
  to   space 5120K, 0% used [0x00000000d9c80000,0x00000000d9c80000,0x00000000da180000)
 ParOldGen       total 87552K, used 5835K [0x0000000081200000, 0x0000000086780000, 0x00000000d5b80000)
  object space 87552K, 6% used [0x0000000081200000,0x00000000817b2e18,0x0000000086780000)
 Metaspace       used 20505K, capacity 21100K, committed 21296K, reserved 1067008K
  class space    used 2667K, capacity 2831K, committed 2944K, reserved 1048576K
}
Event: 1.810 GC heap before
{Heap before GC invocations=5 (full 1):
 PSYoungGen      total 71680K, used 5111K [0x00000000d5b80000, 0x00000000da680000, 0x0000000100000000)
  eden space 66560K, 0% used [0x00000000d5b80000,0x00000000d5b80000,0x00000000d9c80000)
  from space 5120K, 99% used [0x00000000da180000,0x00000000da67de40,0x00000000da680000)
  to   space 5120K, 0% used [0x00000000d9c80000,0x00000000d9c80000,0x00000000da180000)
 ParOldGen       total 87552K, used 5835K [0x0000000081200000, 0x0000000086780000, 0x00000000d5b80000)
  object space 87552K, 6% used [0x0000000081200000,0x00000000817b2e18,0x0000000086780000)
 Metaspace       used 20505K, capacity 21100K, committed 21296K, reserved 1067008K
  class space    used 2667K, capacity 2831K, committed 2944K, reserved 1048576K
Event: 1.847 GC heap after
Heap after GC invocations=5 (full 1):
 PSYoungGen      total 71680K, used 0K [0x00000000d5b80000, 0x00000000da680000, 0x0000000100000000)
  eden space 66560K, 0% used [0x00000000d5b80000,0x00000000d5b80000,0x00000000d9c80000)
  from space 5120K, 0% used [0x00000000da180000,0x00000000da180000,0x00000000da680000)
  to   space 5120K, 0% used [0x00000000d9c80000,0x00000000d9c80000,0x00000000da180000)
 ParOldGen       total 54272K, used 5564K [0x0000000081200000, 0x0000000084700000, 0x00000000d5b80000)
  object space 54272K, 10% used [0x0000000081200000,0x000000008176f380,0x0000000084700000)
 Metaspace       used 20505K, capacity 21100K, committed 21296K, reserved 1067008K
  class space    used 2667K, capacity 2831K, committed 2944K, reserved 1048576K
}
Event: 2.582 GC heap before
{Heap before GC invocations=6 (full 1):
 PSYoungGen      total 71680K, used 66560K [0x00000000d5b80000, 0x00000000da680000, 0x0000000100000000)
  eden space 66560K, 100% used [0x00000000d5b80000,0x00000000d9c80000,0x00000000d9c80000)
  from space 5120K, 0% used [0x00000000da180000,0x00000000da180000,0x00000000da680000)
  to   space 5120K, 0% used [0x00000000d9c80000,0x00000000d9c80000,0x00000000da180000)
 ParOldGen       total 54272K, used 5570K [0x0000000081200000, 0x0000000084700000, 0x00000000d5b80000)
  object space 54272K, 10% used [0x0000000081200000,0x0000000081770800,0x0000000084700000)
 Metaspace       used 24340K, capacity 25092K, committed 25216K, reserved 1071104K
  class space    used 3173K, capacity 3369K, committed 3456K, reserved 1048576K
Event: 2.590 GC heap after
Heap after GC invocations=6 (full 1):
 PSYoungGen      total 71680K, used 5114K [0x00000000d5b80000, 0x00000000da680000, 0x0000000100000000)
  eden space 66560K, 0% used [0x00000000d5b80000,0x00000000d5b80000,0x00000000d9c80000)
  from space 5120K, 99% used [0x00000000d9c80000,0x00000000da17ea18,0x00000000da180000)
  to   space 5120K, 0% used [0x00000000da180000,0x00000000da180000,0x00000000da680000)
 ParOldGen       total 54272K, used 8586K [0x0000000081200000, 0x0000000084700000, 0x00000000d5b80000)
  object space 54272K, 15% used [0x0000000081200000,0x0000000081a628c0,0x0000000084700000)
 Metaspace       used 24340K, capacity 25092K, committed 25216K, reserved 1071104K
  class space    used 3173K, capacity 3369K, committed 3456K, reserved 1048576K
}

